<?xml version="1.0" encoding="UTF-8"?>
<!-- Generated by org.testng.reporters.JUnitReportReporter -->
<testsuite hostname="apzz0928-PC" name="gameAccountMng_Selenide" tests="6" failures="0" timestamp="27 Sep 2017 09:50:51 GMT" time="88.542" errors="0">
  <testcase name="accountSearch" time="8.498" classname="gameAccountMng_Selenide"/>
  <testcase name="accountBlock" time="25.085" classname="gameAccountMng_Selenide"/>
  <testcase name="accountSearch" time="7.367" classname="gameAccountMng_Selenide"/>
  <testcase name="Login" time="3.158" classname="gameAccountMng_Selenide"/>
  <testcase name="Login" time="3.799" classname="gameAccountMng_Selenide"/>
  <testcase name="accountBlock" time="40.635" classname="gameAccountMng_Selenide"/>
</testsuite> <!-- gameAccountMng_Selenide -->
