<?xml version="1.0" encoding="UTF-8"?>
<!-- Generated by org.testng.reporters.JUnitReportReporter -->
<testsuite hostname="apzz0928-PC" name="test_herowarz" tests="2" failures="0" timestamp="25 Oct 2017 09:56:47 GMT" time="64.719" errors="0">
  <testcase name="login" time="6.031" classname="test_herowarz"/>
  <testcase name="ranking" time="58.688" classname="test_herowarz"/>
</testsuite> <!-- test_herowarz -->
