<?xml version="1.0" encoding="UTF-8"?>
<!-- Generated by org.testng.reporters.JUnitReportReporter -->
<testsuite hostname="apzz0928-PC" name="gameAccountMng_Selenide" tests="6" failures="0" timestamp="27 Sep 2017 09:18:57 GMT" time="89.738" errors="0">
  <testcase name="accountSearch" time="6.457" classname="gameAccountMng_Selenide"/>
  <testcase name="Login" time="3.656" classname="gameAccountMng_Selenide"/>
  <testcase name="accountSearch" time="7.432" classname="gameAccountMng_Selenide"/>
  <testcase name="Login" time="3.662" classname="gameAccountMng_Selenide"/>
  <testcase name="accountBlock" time="42.429" classname="gameAccountMng_Selenide"/>
  <testcase name="accountBlock" time="26.102" classname="gameAccountMng_Selenide"/>
</testsuite> <!-- gameAccountMng_Selenide -->
