<?xml version="1.0" encoding="UTF-8"?>
<!-- Generated by org.testng.reporters.JUnitReportReporter -->
<testsuite hostname="apzz0928-PC" name="test_Selenide" tests="1" failures="0" timestamp="17 Oct 2017 07:40:05 GMT" time="11.809" errors="0">
  <testcase name="alertSample" time="11.809" classname="test_Selenide"/>
</testsuite> <!-- test_Selenide -->
