<?xml version="1.0" encoding="UTF-8"?>
<!-- Generated by org.testng.reporters.JUnitReportReporter -->
<testsuite hostname="apzz0928-PC" name="gameMng_Selenide" tests="28" failures="0" timestamp="27 Sep 2017 09:18:57 GMT" time="238.645" errors="0">
  <testcase name="mailout" time="2.454" classname="gameMng_Selenide"/>
  <testcase name="systemMessage" time="17.347" classname="gameMng_Selenide"/>
  <testcase name="serverStatus" time="12.666" classname="gameMng_Selenide"/>
  <testcase name="kickUser" time="3.455" classname="gameMng_Selenide"/>
  <testcase name="ingameNotice_statusChange" time="9.362" classname="gameMng_Selenide"/>
  <testcase name="ingameNotice_add" time="6.864" classname="gameMng_Selenide"/>
  <testcase name="serverStatus" time="7.806" classname="gameMng_Selenide"/>
  <testcase name="slangWord" time="22.389" classname="gameMng_Selenide"/>
  <testcase name="ingameNotice_add" time="5.528" classname="gameMng_Selenide"/>
  <testcase name="onlineUser" time="2.335" classname="gameMng_Selenide"/>
  <testcase name="limitDrop" time="11.748" classname="gameMng_Selenide"/>
  <testcase name="pvpSchedule" time="14.298" classname="gameMng_Selenide"/>
  <testcase name="slangWord" time="19.241" classname="gameMng_Selenide"/>
  <testcase name="mailout" time="2.858" classname="gameMng_Selenide"/>
  <testcase name="burningEvent" time="6.690" classname="gameMng_Selenide"/>
  <testcase name="ingameGuide" time="10.728" classname="gameMng_Selenide"/>
  <testcase name="systemMessage" time="10.432" classname="gameMng_Selenide"/>
  <testcase name="ingameGuide" time="8.852" classname="gameMng_Selenide"/>
  <testcase name="ingameNotice_statusChange" time="6.828" classname="gameMng_Selenide"/>
  <testcase name="Login" time="3.290" classname="gameMng_Selenide"/>
  <testcase name="pvpSchedule" time="12.543" classname="gameMng_Selenide"/>
  <testcase name="kickUser" time="2.371" classname="gameMng_Selenide"/>
  <testcase name="burningEvent" time="10.628" classname="gameMng_Selenide"/>
  <testcase name="Login" time="3.504" classname="gameMng_Selenide"/>
  <testcase name="onlineUser" time="1.790" classname="gameMng_Selenide"/>
  <testcase name="limitDrop" time="7.997" classname="gameMng_Selenide"/>
  <testcase name="semdMail" time="7.058" classname="gameMng_Selenide"/>
  <testcase name="semdMail" time="7.583" classname="gameMng_Selenide"/>
</testsuite> <!-- gameMng_Selenide -->
