<?xml version="1.0" encoding="UTF-8"?>
<!-- Generated by org.testng.reporters.JUnitReportReporter -->
<testsuite hostname="apzz0928-PC" name="authMng_Selenide" tests="28" failures="0" timestamp="27 Sep 2017 09:18:57 GMT" time="155.022" errors="0">
  <testcase name="authorityMenu_detailMenu_edit" time="2.535" classname="authMng_Selenide"/>
  <testcase name="Login" time="3.794" classname="authMng_Selenide"/>
  <testcase name="authorityMenu_keywordSearch" time="0.351" classname="authMng_Selenide"/>
  <testcase name="authorityMenu_detailMenu_add" time="2.490" classname="authMng_Selenide"/>
  <testcase name="Login" time="2.951" classname="authMng_Selenide"/>
  <testcase name="groupListByAdmin" time="2.804" classname="authMng_Selenide"/>
  <testcase name="ctMember_addMember_add" time="3.242" classname="authMng_Selenide"/>
  <testcase name="authorityMenu_detailMenu_del" time="1.760" classname="authMng_Selenide"/>
  <testcase name="authorityMenu_detailMenu_menuOrder" time="3.675" classname="authMng_Selenide"/>
  <testcase name="authorityMenu_detailMenu_edit" time="2.868" classname="authMng_Selenide"/>
  <testcase name="authorityMenu_groupOrder" time="6.297" classname="authMng_Selenide"/>
  <testcase name="ctMember_addMember_resetPW_del" time="3.779" classname="authMng_Selenide"/>
  <testcase name="ctActionLog" time="39.951" classname="authMng_Selenide"/>
  <testcase name="authorityMenu_detailMenu_del" time="0.957" classname="authMng_Selenide"/>
  <testcase name="authorityMenu_detailMenu_add" time="3.175" classname="authMng_Selenide"/>
  <testcase name="ctMember_addMember_edit" time="2.747" classname="authMng_Selenide"/>
  <testcase name="authorityGroupMng_Menu" time="8.309" classname="authMng_Selenide"/>
  <testcase name="authorityMenu_groupOrder" time="5.542" classname="authMng_Selenide"/>
  <testcase name="groupListByAdmin" time="1.944" classname="authMng_Selenide"/>
  <testcase name="authorityGroupMng_Member" time="4.436" classname="authMng_Selenide"/>
  <testcase name="ctMember_addMember_edit" time="2.344" classname="authMng_Selenide"/>
  <testcase name="authorityMenu_keywordSearch" time="0.847" classname="authMng_Selenide"/>
  <testcase name="ctMember_addMember_resetPW_del" time="2.076" classname="authMng_Selenide"/>
  <testcase name="authorityGroupMng_Member" time="1.509" classname="authMng_Selenide"/>
  <testcase name="authorityMenu_detailMenu_menuOrder" time="3.011" classname="authMng_Selenide"/>
  <testcase name="ctActionLog" time="33.411" classname="authMng_Selenide"/>
  <testcase name="ctMember_addMember_add" time="3.533" classname="authMng_Selenide"/>
  <testcase name="authorityGroupMng_Menu" time="4.684" classname="authMng_Selenide"/>
</testsuite> <!-- authMng_Selenide -->
