<?xml version="1.0" encoding="UTF-8"?>
<!-- Generated by org.testng.reporters.JUnitReportReporter -->
<testsuite hostname="apzz0928-PC" name="test_herowarz" tests="2" failures="0" timestamp="24 Oct 2017 09:22:00 GMT" time="97.430" errors="0">
  <testcase name="login" time="16.524" classname="test_herowarz"/>
  <testcase name="community" time="80.906" classname="test_herowarz"/>
</testsuite> <!-- test_herowarz -->
