<?xml version="1.0" encoding="UTF-8"?>
<!-- Generated by org.testng.reporters.JUnitReportReporter -->
<testsuite hostname="apzz0928-PC" name="test_Selenide" tests="4" failures="0" timestamp="16 Oct 2017 03:41:57 GMT" time="15.531" errors="0">
  <testcase name="ajaxSample" time="7.213" classname="test_Selenide"/>
  <testcase name="getPageUrlTitleSource" time="0.573" classname="test_Selenide"/>
  <testcase name="ajaxSample" time="7.386" classname="test_Selenide"/>
  <testcase name="getPageUrlTitleSource" time="0.359" classname="test_Selenide"/>
</testsuite> <!-- test_Selenide -->
