<?xml version="1.0" encoding="UTF-8"?>
<!-- Generated by org.testng.reporters.JUnitReportReporter -->
<testsuite hostname="apzz0928-PC" name="test_Selenide" tests="2" failures="0" timestamp="28 Sep 2017 08:18:00 GMT" time="14.129" errors="0">
  <testcase name="ajaxSample" time="6.333" classname="test_Selenide"/>
  <testcase name="ajaxSample" time="7.796" classname="test_Selenide"/>
</testsuite> <!-- test_Selenide -->
