<?xml version="1.0" encoding="UTF-8"?>
<!-- Generated by org.testng.reporters.JUnitReportReporter -->
<testsuite hostname="apzz0928-PC" name="test_herowarz" tests="1" failures="0" timestamp="24 Oct 2017 01:41:42 GMT" time="16.354" errors="0">
  <testcase name="login" time="16.354" classname="test_herowarz"/>
</testsuite> <!-- test_herowarz -->
