<?xml version="1.0" encoding="UTF-8"?>
<!-- Generated by org.testng.reporters.JUnitReportReporter -->
<testsuite hostname="apzz0928-PC" name="test_herowarz" tests="2" failures="0" timestamp="30 Oct 2017 07:54:01 GMT" time="56.845" errors="0">
  <testcase name="download" time="46.870" classname="test_herowarz"/>
  <testcase name="login" time="9.975" classname="test_herowarz"/>
</testsuite> <!-- test_herowarz -->
