<?xml version="1.0" encoding="UTF-8"?>
<!-- Generated by org.testng.reporters.JUnitReportReporter -->
<testsuite hostname="apzz0928-PC" name="gameMng_Selenide" tests="28" failures="0" timestamp="27 Sep 2017 09:50:51 GMT" time="229.759" errors="0">
  <testcase name="systemMessage" time="9.958" classname="gameMng_Selenide"/>
  <testcase name="systemMessage" time="16.754" classname="gameMng_Selenide"/>
  <testcase name="serverStatus" time="12.356" classname="gameMng_Selenide"/>
  <testcase name="kickUser" time="3.475" classname="gameMng_Selenide"/>
  <testcase name="ingameNotice_add" time="6.427" classname="gameMng_Selenide"/>
  <testcase name="ingameNotice_statusChange" time="8.950" classname="gameMng_Selenide"/>
  <testcase name="pvpSchedule" time="13.780" classname="gameMng_Selenide"/>
  <testcase name="ingameNotice_add" time="6.472" classname="gameMng_Selenide"/>
  <testcase name="slangWord" time="17.077" classname="gameMng_Selenide"/>
  <testcase name="slangWord" time="21.499" classname="gameMng_Selenide"/>
  <testcase name="ingameNotice_statusChange" time="6.612" classname="gameMng_Selenide"/>
  <testcase name="onlineUser" time="1.936" classname="gameMng_Selenide"/>
  <testcase name="limitDrop" time="11.257" classname="gameMng_Selenide"/>
  <testcase name="kickUser" time="1.983" classname="gameMng_Selenide"/>
  <testcase name="mailout" time="2.869" classname="gameMng_Selenide"/>
  <testcase name="ingameGuide" time="10.163" classname="gameMng_Selenide"/>
  <testcase name="onlineUser" time="2.033" classname="gameMng_Selenide"/>
  <testcase name="Login" time="4.299" classname="gameMng_Selenide"/>
  <testcase name="mailout" time="2.004" classname="gameMng_Selenide"/>
  <testcase name="pvpSchedule" time="12.877" classname="gameMng_Selenide"/>
  <testcase name="limitDrop" time="7.054" classname="gameMng_Selenide"/>
  <testcase name="burningEvent" time="10.577" classname="gameMng_Selenide"/>
  <testcase name="serverStatus" time="7.782" classname="gameMng_Selenide"/>
  <testcase name="semdMail" time="6.707" classname="gameMng_Selenide"/>
  <testcase name="Login" time="2.775" classname="gameMng_Selenide"/>
  <testcase name="ingameGuide" time="8.529" classname="gameMng_Selenide"/>
  <testcase name="semdMail" time="7.641" classname="gameMng_Selenide"/>
  <testcase name="burningEvent" time="5.913" classname="gameMng_Selenide"/>
</testsuite> <!-- gameMng_Selenide -->
