<?xml version="1.0" encoding="UTF-8"?>
<!-- Generated by org.testng.reporters.JUnitReportReporter -->
<testsuite hostname="apzz0928-PC" name="gameAccountMng_Selenide" tests="2" failures="0" timestamp="13 Nov 2017 06:46:35 GMT" time="23.358" errors="0">
  <testcase name="promptTest" time="19.143" classname="gameAccountMng_Selenide"/>
  <testcase name="Login" time="4.215" classname="gameAccountMng_Selenide"/>
</testsuite> <!-- gameAccountMng_Selenide -->
