<?xml version="1.0" encoding="UTF-8"?>
<!-- Generated by org.testng.reporters.JUnitReportReporter -->
<testsuite hostname="apzz0928-PC" name="gameAccountMng_Selenide" tests="2" failures="0" timestamp="23 Nov 2017 07:12:14 GMT" time="62.230" errors="0">
  <testcase name="Login" time="3.177" classname="gameAccountMng_Selenide"/>
  <testcase name="clan_add" time="59.053" classname="gameAccountMng_Selenide"/>
</testsuite> <!-- gameAccountMng_Selenide -->
