<?xml version="1.0" encoding="UTF-8"?>
<!-- Generated by org.testng.reporters.JUnitReportReporter -->
<testsuite hostname="apzz0928-PC" name="authMng_Selenide" tests="28" failures="0" timestamp="27 Sep 2017 09:50:51 GMT" time="140.435" errors="0">
  <testcase name="authorityMenu_detailMenu_del" time="0.973" classname="authMng_Selenide"/>
  <testcase name="ctMember_addMember_add" time="3.079" classname="authMng_Selenide"/>
  <testcase name="Login" time="4.274" classname="authMng_Selenide"/>
  <testcase name="authorityMenu_detailMenu_menuOrder" time="2.177" classname="authMng_Selenide"/>
  <testcase name="authorityMenu_groupOrder" time="4.965" classname="authMng_Selenide"/>
  <testcase name="groupListByAdmin" time="2.936" classname="authMng_Selenide"/>
  <testcase name="authorityMenu_detailMenu_del" time="1.751" classname="authMng_Selenide"/>
  <testcase name="authorityMenu_detailMenu_menuOrder" time="3.610" classname="authMng_Selenide"/>
  <testcase name="authorityMenu_detailMenu_edit" time="2.841" classname="authMng_Selenide"/>
  <testcase name="authorityMenu_groupOrder" time="5.018" classname="authMng_Selenide"/>
  <testcase name="ctMember_addMember_resetPW_del" time="3.903" classname="authMng_Selenide"/>
  <testcase name="ctActionLog" time="26.890" classname="authMng_Selenide"/>
  <testcase name="authorityGroupMng_Menu" time="4.577" classname="authMng_Selenide"/>
  <testcase name="ctMember_addMember_edit" time="2.302" classname="authMng_Selenide"/>
  <testcase name="authorityMenu_detailMenu_add" time="3.146" classname="authMng_Selenide"/>
  <testcase name="ctMember_addMember_edit" time="2.653" classname="authMng_Selenide"/>
  <testcase name="authorityMenu_detailMenu_edit" time="2.402" classname="authMng_Selenide"/>
  <testcase name="authorityGroupMng_Menu" time="8.255" classname="authMng_Selenide"/>
  <testcase name="ctActionLog" time="33.988" classname="authMng_Selenide"/>
  <testcase name="Login" time="3.492" classname="authMng_Selenide"/>
  <testcase name="authorityGroupMng_Member" time="4.544" classname="authMng_Selenide"/>
  <testcase name="ctMember_addMember_resetPW_del" time="2.053" classname="authMng_Selenide"/>
  <testcase name="authorityMenu_keywordSearch" time="0.824" classname="authMng_Selenide"/>
  <testcase name="authorityMenu_keywordSearch" time="0.376" classname="authMng_Selenide"/>
  <testcase name="groupListByAdmin" time="1.918" classname="authMng_Selenide"/>
  <testcase name="ctMember_addMember_add" time="3.397" classname="authMng_Selenide"/>
  <testcase name="authorityGroupMng_Member" time="1.520" classname="authMng_Selenide"/>
  <testcase name="authorityMenu_detailMenu_add" time="2.571" classname="authMng_Selenide"/>
</testsuite> <!-- authMng_Selenide -->
