<?xml version="1.0" encoding="UTF-8"?>
<!-- Generated by org.testng.reporters.JUnitReportReporter -->
<testsuite hostname="apzz0928-PC" name="test_Selenide" tests="1" failures="0" timestamp="17 Oct 2017 09:46:13 GMT" time="17.296" errors="0">
  <testcase name="alertSample" time="17.296" classname="test_Selenide"/>
</testsuite> <!-- test_Selenide -->
